nohup: ignoring input
[32minfo[39m: Certificado cargado exitosamente {"issuer":"CODE100 S.A.","subject":"GUILLERMO FRANCO AREVALOS","timestamp":"2025-08-23 07:44:41","validFrom":"2025-08-20T14:53:41.000Z","validTo":"2026-08-20T14:53:41.000Z"}
[32minfo[39m: Servidor SIFEN iniciado en puerto 3001 {"environment":"development","port":3001,"timestamp":"2025-08-23 07:44:41"}
🚀 Servidor SIFEN iniciado en puerto 3001
📋 Estado: Servidor funcionando - API habilitada
🔗 URL: http://localhost:3001
[32minfo[39m: ::1 - - [23/Aug/2025:11:44:48 +0000] "GET /api/health HTTP/1.1" 200 89 "-" "curl/8.6.0" {"timestamp":"2025-08-23 07:44:48"}
[32minfo[39m: ::1 - - [23/Aug/2025:11:50:19 +0000] "GET /api/health HTTP/1.1" 200 89 "http://localhost:4200/" "Mozilla/5.0 (X11; Linux x86_64) AppleWebKit/537.36 (KHTML, like Gecko) FRC/3.0.6 Chrome/112.0.5615.204 Electron/24.8.8 Safari/537.36" {"timestamp":"2025-08-23 07:50:19"}
[32minfo[39m: ::1 - - [23/Aug/2025:11:50:56 +0000] "GET /api/test-backend-communication HTTP/1.1" 200 321 "http://localhost:4200/" "Mozilla/5.0 (X11; Linux x86_64) AppleWebKit/537.36 (KHTML, like Gecko) FRC/3.0.6 Chrome/112.0.5615.204 Electron/24.8.8 Safari/537.36" {"timestamp":"2025-08-23 07:50:56"}
[32minfo[39m: Solicitud de generación de DTE recibida {"body":{"facturaId":123},"timestamp":"2025-08-23 07:51:50"}
[32minfo[39m: Iniciando generación de DTE {"facturaId":123,"timestamp":"2025-08-23 07:51:50"}
[32minfo[39m: Datos de factura recibidos {"emisor":{"direccion":"Av. Principal 123, Asunción","email":"info@francoarevalos.com.py","nombreComercial":"FRANCO AREVALOS S.A.","razonSocial":"FRANCO AREVALOS S.A.","ruc":"80012345","telefono":"021-123456"},"facturaData":"{\n  \"id\": 123,\n  \"numero\": \"FAC-000123\",\n  \"fecha\": \"2025-08-23T11:51:50.071Z\",\n  \"tipoDocumento\": 1,\n  \"moneda\": \"PYG\",\n  \"tipoCambio\": 1,\n  \"condicionOperacion\": 1,\n  \"plazo\": 0,\n  \"emisor\": {\n    \"ruc\": \"80012345\",\n    \"razonSocial\": \"FRANCO AREVALOS S.A.\",\n    \"nombreComercial\": \"FRANCO AREVALOS S.A.\",\n    \"direccion\": \"Av. Principal 123, Asunción\",\n    \"telefono\": \"021-123456\",\n    \"email\": \"info@francoarevalos.com.py\"\n  },\n  \"receptor\": {\n    \"ruc\": \"12345678\",\n    \"razonSocial\": \"Cliente de Prueba\",\n    \"direccion\": \"Dirección de Prueba\",\n    \"telefono\": \"021-654321\",\n    \"email\": \"cliente@demo.com.py\"\n  },\n  \"items\": [\n    {\n      \"codigo\": \"PROD001\",\n      \"descripcion\": \"Producto de Prueba\",\n      \"cantidad\": 1,\n      \"precioUnitario\": 10000,\n      \"descuento\": 0,\n      \"iva\": 1000,\n      \"total\": 11000\n    }\n  ],\n  \"totales\": {\n    \"gravada10\": 10000,\n    \"gravada5\": 0,\n    \"exenta\": 0,\n    \"iva10\": 1000,\n    \"iva5\": 0,\n    \"total\": 11000\n  }\n}","items":[{"cantidad":1,"codigo":"PROD001","descripcion":"Producto de Prueba","descuento":0,"iva":1000,"precioUnitario":10000,"total":11000}],"receptor":{"direccion":"Dirección de Prueba","email":"cliente@demo.com.py","razonSocial":"Cliente de Prueba","ruc":"12345678","telefono":"021-654321"},"timestamp":"2025-08-23 07:51:50","totales":{"exenta":0,"gravada10":10000,"gravada5":0,"iva10":1000,"iva5":0,"total":11000}}
[32minfo[39m: Iniciando firma digital del XML {"timestamp":"2025-08-23 07:51:50"}
[32minfo[39m: Firma digital creada exitosamente con crypto nativo {"timestamp":"2025-08-23 07:51:50"}
[32minfo[39m: XML firmado exitosamente con firma digital real {"timestamp":"2025-08-23 07:51:50"}
[32minfo[39m: DTE generado exitosamente {"cdc":"80012345001001FAC-000123120250823000000000011000E1272514","facturaId":123,"timestamp":"2025-08-23 07:51:50"}
[32minfo[39m: DTE generado exitosamente {"cdc":"80012345001001FAC-000123120250823000000000011000E1272514","facturaId":123,"timestamp":"2025-08-23 07:51:50"}
[32minfo[39m: ::1 - - [23/Aug/2025:11:51:50 +0000] "POST /api/documento/generar HTTP/1.1" 200 - "http://localhost:4200/" "Mozilla/5.0 (X11; Linux x86_64) AppleWebKit/537.36 (KHTML, like Gecko) FRC/3.0.6 Chrome/112.0.5615.204 Electron/24.8.8 Safari/537.36" {"timestamp":"2025-08-23 07:51:50"}
[32minfo[39m: Solicitud de generación de DTE recibida {"body":{"facturaId":222},"timestamp":"2025-08-23 07:56:36"}
[32minfo[39m: Iniciando generación de DTE {"facturaId":222,"timestamp":"2025-08-23 07:56:36"}
[32minfo[39m: Datos de factura recibidos {"emisor":{"direccion":"Av. Principal 123, Asunción","email":"info@francoarevalos.com.py","nombreComercial":"FRANCO AREVALOS S.A.","razonSocial":"FRANCO AREVALOS S.A.","ruc":"80012345","telefono":"021-123456"},"facturaData":"{\n  \"id\": 222,\n  \"numero\": \"FAC-000222\",\n  \"fecha\": \"2025-08-23T11:56:36.401Z\",\n  \"tipoDocumento\": 1,\n  \"moneda\": \"PYG\",\n  \"tipoCambio\": 1,\n  \"condicionOperacion\": 1,\n  \"plazo\": 0,\n  \"emisor\": {\n    \"ruc\": \"80012345\",\n    \"razonSocial\": \"FRANCO AREVALOS S.A.\",\n    \"nombreComercial\": \"FRANCO AREVALOS S.A.\",\n    \"direccion\": \"Av. Principal 123, Asunción\",\n    \"telefono\": \"021-123456\",\n    \"email\": \"info@francoarevalos.com.py\"\n  },\n  \"receptor\": {\n    \"ruc\": \"12345678\",\n    \"razonSocial\": \"Cliente de Prueba\",\n    \"direccion\": \"Dirección de Prueba\",\n    \"telefono\": \"021-654321\",\n    \"email\": \"cliente@demo.com.py\"\n  },\n  \"items\": [\n    {\n      \"codigo\": \"PROD001\",\n      \"descripcion\": \"Producto de Prueba\",\n      \"cantidad\": 1,\n      \"precioUnitario\": 10000,\n      \"descuento\": 0,\n      \"iva\": 1000,\n      \"total\": 11000\n    }\n  ],\n  \"totales\": {\n    \"gravada10\": 10000,\n    \"gravada5\": 0,\n    \"exenta\": 0,\n    \"iva10\": 1000,\n    \"iva5\": 0,\n    \"total\": 11000\n  }\n}","items":[{"cantidad":1,"codigo":"PROD001","descripcion":"Producto de Prueba","descuento":0,"iva":1000,"precioUnitario":10000,"total":11000}],"receptor":{"direccion":"Dirección de Prueba","email":"cliente@demo.com.py","razonSocial":"Cliente de Prueba","ruc":"12345678","telefono":"021-654321"},"timestamp":"2025-08-23 07:56:36","totales":{"exenta":0,"gravada10":10000,"gravada5":0,"iva10":1000,"iva5":0,"total":11000}}
[32minfo[39m: Iniciando firma digital del XML {"timestamp":"2025-08-23 07:56:36"}
[32minfo[39m: Firma digital creada exitosamente con crypto nativo {"timestamp":"2025-08-23 07:56:36"}
[32minfo[39m: XML firmado exitosamente con firma digital real {"timestamp":"2025-08-23 07:56:36"}
[32minfo[39m: DTE generado exitosamente {"cdc":"80012345001001FAC-00022212025082300000000001100022404B62","facturaId":222,"timestamp":"2025-08-23 07:56:36"}
[32minfo[39m: DTE generado exitosamente {"cdc":"80012345001001FAC-00022212025082300000000001100022404B62","facturaId":222,"timestamp":"2025-08-23 07:56:36"}
[32minfo[39m: ::1 - - [23/Aug/2025:11:56:36 +0000] "POST /api/documento/generar HTTP/1.1" 200 - "http://localhost:4200/" "Mozilla/5.0 (X11; Linux x86_64) AppleWebKit/537.36 (KHTML, like Gecko) FRC/3.0.6 Chrome/112.0.5615.204 Electron/24.8.8 Safari/537.36" {"timestamp":"2025-08-23 07:56:36"}
